0 3.1431360 
1 3.1422000 
2 3.1413480 
3 3.1405960 
4 3.1373360 
5 3.1404160 
6 3.1424520 
7 3.1423560 
8 3.1423040 
9 3.1400800 
10 3.1390120 
11 3.1417720 
12 3.1391280 
13 3.1419040 
14 3.1420320 
15 3.1394680 
16 3.1408120 
17 3.1414640 
18 3.1429680 
19 3.1415640 
20 3.1430920 
21 3.1465720 
22 3.1418720 
23 3.1428760 
24 3.1410880 
25 3.1405760 
26 3.1409080 
27 3.1394040 
28 3.1432160 
29 3.1410520 
30 3.1441600 
31 3.1415280 
32 3.1430840 
33 3.1424040 
34 3.1428760 
35 3.1434360 
36 3.1418040 
37 3.1407760 
38 3.1392280 
39 3.1418760 
40 3.1425880 
41 3.1397760 
42 3.1431680 
43 3.1398400 
44 3.1407320 
45 3.1380200 
46 3.1409640 
47 3.1402280 
48 3.1421680 
49 3.1402880 
50 3.1408280 
51 3.1403600 
52 3.1402400 
53 3.1440840 
54 3.1418680 
55 3.1413400 
56 3.1408960 
57 3.1416600 
58 3.1388520 
59 3.1443160 
60 3.1429080 
61 3.1425440 
62 3.1415120 
63 3.1391680 
64 3.1413160 
65 3.1402720 
66 3.1423520 
67 3.1406000 
68 3.1435920 
69 3.1455120 
70 3.1461200 
71 3.1450360 
72 3.1445240 
73 3.1400360 
74 3.1416800 
75 3.1396920 
76 3.1432040 
77 3.1424400 
78 3.1409480 
79 3.1409040 
80 3.1438680 
81 3.1422920 
82 3.1403720 
83 3.1422920 
84 3.1403880 
85 3.1436280 
86 3.1408920 
87 3.1455440 
88 3.1394960 
89 3.1429080 
90 3.1393640 
91 3.1419040 
92 3.1408160 
93 3.1404280 
94 3.1410800 
95 3.1403960 
96 3.1416080 
97 3.1388560 
98 3.1417320 
99 3.1405240 


